This is pdfTeX, Version 3.14159265-2.6-1.40.16 (MiKTeX 2.9) (preloaded format=latex 2015.11.29)  27 OCT 2016 16:30
entering extended mode
**submission_02.tex
(submission_02.tex
LaTeX2e <2015/01/01> patch level 2
Babel <3.9m> and hyphenation patterns for 69 languages loaded.
("C:\Program Files\MiKTeX\tex\latex\base\article.cls"
Document Class: article 2014/09/29 v1.4h Standard LaTeX document class
("C:\Program Files\MiKTeX\tex\latex\base\size10.clo"
File: size10.clo 2014/09/29 v1.4h Standard LaTeX file (size option)
)
\c@part=\count79
\c@section=\count80
\c@subsection=\count81
\c@subsubsection=\count82
\c@paragraph=\count83
\c@subparagraph=\count84
\c@figure=\count85
\c@table=\count86
\abovecaptionskip=\skip41
\belowcaptionskip=\skip42
\bibindent=\dimen102
)
("C:\Program Files\MiKTeX\tex\latex\graphics\graphicx.sty"
Package: graphicx 2014/10/28 v1.0g Enhanced LaTeX Graphics (DPC,SPQR)

("C:\Program Files\MiKTeX\tex\latex\graphics\keyval.sty"
Package: keyval 2014/10/28 v1.15 key=value parser (DPC)
\KV@toks@=\toks14
)
("C:\Program Files\MiKTeX\tex\latex\graphics\graphics.sty"
Package: graphics 2014/10/28 v1.0p Standard LaTeX Graphics (DPC,SPQR)

("C:\Program Files\MiKTeX\tex\latex\graphics\trig.sty"
Package: trig 1999/03/16 v1.09 sin cos tan (DPC)
)
("C:\Program Files\MiKTeX\tex\latex\00miktex\graphics.cfg"
File: graphics.cfg 2007/01/18 v1.5 graphics configuration of teTeX/TeXLive
)
Package graphics Info: Driver file: dvips.def on input line 94.

("C:\Program Files\MiKTeX\tex\latex\graphics\dvips.def"
File: dvips.def 2014/10/14 v3.0j Driver-dependent file (DPC,SPQR)
))
\Gin@req@height=\dimen103
\Gin@req@width=\dimen104
) (submission_02.aux)
LaTeX Font Info:    Checking defaults for OML/cmm/m/it on input line 6.
LaTeX Font Info:    ... okay on input line 6.
LaTeX Font Info:    Checking defaults for T1/cmr/m/n on input line 6.
LaTeX Font Info:    ... okay on input line 6.
LaTeX Font Info:    Checking defaults for OT1/cmr/m/n on input line 6.
LaTeX Font Info:    ... okay on input line 6.
LaTeX Font Info:    Checking defaults for OMS/cmsy/m/n on input line 6.
LaTeX Font Info:    ... okay on input line 6.
LaTeX Font Info:    Checking defaults for OMX/cmex/m/n on input line 6.
LaTeX Font Info:    ... okay on input line 6.
LaTeX Font Info:    Checking defaults for U/cmr/m/n on input line 6.
LaTeX Font Info:    ... okay on input line 6.
LaTeX Font Info:    External font `cmex10' loaded for size
(Font)              <12> on input line 12.
LaTeX Font Info:    External font `cmex10' loaded for size
(Font)              <8> on input line 12.
LaTeX Font Info:    External font `cmex10' loaded for size
(Font)              <6> on input line 12.

[1

]
Underfull \hbox (badness 10000) in paragraph at lines 15--16

 []


! LaTeX Error: File `screen_00' not found.

See the LaTeX manual or LaTeX Companion for explanation.
Type  H <return>  for immediate help.
 ...                                              
                                                  
l.17 ...ine{\includegraphics[scale=.4]{screen_00}}
                                                  
? 
[1]
Underfull \hbox (badness 10000) in paragraph at lines 21--22

 []


! LaTeX Error: File `screen_01' not found.

See the LaTeX manual or LaTeX Companion for explanation.
Type  H <return>  for immediate help.
 ...                                              
                                                  
l.23 ...ine{\includegraphics[scale=.4]{screen_01}}
                                                  
? 
[2]
Underfull \hbox (badness 10000) in paragraph at lines 27--28

 []


! LaTeX Error: File `screen_03' not found.

See the LaTeX manual or LaTeX Companion for explanation.
Type  H <return>  for immediate help.
 ...                                              
                                                  
l.29 ...ine{\includegraphics[scale=.4]{screen_03}}
                                                  
? 
[3]
Underfull \hbox (badness 10000) in paragraph at lines 33--34

 []


! LaTeX Error: File `screen_07' not found.

See the LaTeX manual or LaTeX Companion for explanation.
Type  H <return>  for immediate help.
 ...                                              
                                                  
l.35 ...ne{\includegraphics[scale=.25]{screen_07}}
                                                  
? 
[4]
Underfull \hbox (badness 10000) in paragraph at lines 40--41

 []


! LaTeX Error: File `screen_05' not found.

See the LaTeX manual or LaTeX Companion for explanation.
Type  H <return>  for immediate help.
 ...                                              
                                                  
l.42 ...ne{\includegraphics[scale=.25]{screen_05}}
                                                  
? 
[5]
Underfull \hbox (badness 10000) in paragraph at lines 46--47

 []


! LaTeX Error: File `screen_04' not found.

See the LaTeX manual or LaTeX Companion for explanation.
Type  H <return>  for immediate help.
 ...                                              
                                                  
l.48 ...ine{\includegraphics[scale=.4]{screen_04}}
                                                  
? 
[6]
Underfull \hbox (badness 10000) in paragraph at lines 52--53

 []


! LaTeX Error: File `screen_06' not found.

See the LaTeX manual or LaTeX Companion for explanation.
Type  H <return>  for immediate help.
 ...                                              
                                                  
l.54 ...ine{\includegraphics[scale=.4]{screen_06}}
                                                  
? 
[7]
Underfull \hbox (badness 10000) in paragraph at lines 58--59

 []


! LaTeX Error: File `screen_09' not found.

See the LaTeX manual or LaTeX Companion for explanation.
Type  H <return>  for immediate help.
 ...                                              
                                                  
l.60 ...ne{\includegraphics[scale=.25]{screen_09}}
                                                  
? 
[8]
Underfull \hbox (badness 10000) in paragraph at lines 64--80

 []

[9] (submission_02.aux) ) 
Here is how much of TeX's memory you used:
 565 strings out of 493674
 6578 string characters out of 3145605
 57937 words of memory out of 3000000
 3941 multiletter control sequences out of 15000+200000
 7280 words of font info for 26 fonts, out of 3000000 for 9000
 1025 hyphenation exceptions out of 8191
 25i,6n,25p,244b,191s stack positions out of 5000i,500n,10000p,200000b,50000s

Output written on submission_02.dvi (10 pages, 3452 bytes).
